<?xml version="1.0" encoding="UTF-8"?>
<testng-results ignored="0" total="1" passed="1" failed="0" skipped="0">
  <reporter-output>
  </reporter-output>
  <suite started-at="2022-02-15T23:09:43 IST" name="maven_project1.Test_mvn" finished-at="2022-02-15T23:09:43 IST" duration-ms="27">
    <groups>
    </groups>
    <test started-at="2022-02-15T23:09:43 IST" name="Command line test" finished-at="2022-02-15T23:09:43 IST" duration-ms="27">
      <class name="maven_project1.Test_mvn">
        <test-method signature="testMvn()[pri:0, instance:maven_project1.Test_mvn@a514af7]" started-at="2022-02-15T23:09:43 IST" name="testMvn" finished-at="2022-02-15T23:09:43 IST" duration-ms="3" status="PASS">
          <reporter-output>
          </reporter-output>
        </test-method> <!-- testMvn -->
      </class> <!-- maven_project1.Test_mvn -->
    </test> <!-- Command line test -->
  </suite> <!-- maven_project1.Test_mvn -->
</testng-results>
